<?xml version="1.0" encoding="UTF-8"?>
<!-- Generated by org.testng.reporters.JUnitXMLReporter -->
<testsuite hostname="TP6VDIDEVTCM068" name="Default test" tests="21" failures="0" timestamp="23 Jul 2019 04:40:00 GMT" time="1758.981" errors="0">
  <testcase name="testCreateStandAloneIncidentTicket" time="61.139" classname="testNgMavenExample.TestNgMavenIncidentTest"/>
  <testcase name="testCreateManagedIncidentTicket" time="60.1" classname="testNgMavenExample.TestNgMavenIncidentTest"/>
  <testcase name="testverifymandatoryfieldWIP" time="69.008" classname="testNgMavenExample.TestNgMavenIncidentTest"/>
  <testcase name="testcreateIncidentfromIntake" time="59.271" classname="testNgMavenExample.TestNgMavenIncidentTest"/>
  <testcase name="testResolveIncidentTicket" time="114.156" classname="testNgMavenExample.TestNgMavenIncidentTest"/>
  <testcase name="testCancelIncidentTicket" time="83.203" classname="testNgMavenExample.TestNgMavenIncidentTest"/>
  <testcase name="testCreateStandardChangefromInc" time="65.006" classname="testNgMavenExample.TestNgMavenIncidentTest"/>
  <testcase name="testcreateProblemfromIncident" time="80.922" classname="testNgMavenExample.TestNgMavenIncidentTest"/>
  <testcase name="testcreateincidenttask" time="129.504" classname="testNgMavenExample.TestNgMavenIncidentTest"/>
  <testcase name="testCreateNormalChangefromInc" time="66.532" classname="testNgMavenExample.TestNgMavenIncidentTest"/>
  <testcase name="testCreateEmergencyChangefromInc" time="66.351" classname="testNgMavenExample.TestNgMavenIncidentTest"/>
  <testcase name="testCreateChildIncfromInc" time="62.11" classname="testNgMavenExample.TestNgMavenIncidentTest"/>
  <testcase name="testmoveIncidentTasktoclosecomplete" time="138.447" classname="testNgMavenExample.TestNgMavenIncidentTest"/>
  <testcase name="testmoveIncidentTasktocancel" time="133.064" classname="testNgMavenExample.TestNgMavenIncidentTest"/>
  <testcase name="testCreateincidentalert" time="127.193" classname="testNgMavenExample.TestNgMavenIncidentTest"/>
  <testcase name="testcreateINCforuserimpact3" time="60.34" classname="testNgMavenExample.TestNgMavenIncidentTest"/>
  <testcase name="testcreateINCforuserimpact1" time="53.555" classname="testNgMavenExample.TestNgMavenIncidentTest"/>
  <testcase name="testcreateINCforuserimpact2" time="54.725" classname="testNgMavenExample.TestNgMavenIncidentTest"/>
  <testcase name="testreassignim" time="85.454" classname="testNgMavenExample.TestNgMavenIncidentTest"/>
  <testcase name="testcopyincident" time="64.571" classname="testNgMavenExample.TestNgMavenIncidentTest"/>
  <testcase name="testverifyINCforActiveIMtask" time="123.311" classname="testNgMavenExample.TestNgMavenIncidentTest"/>
</testsuite> <!-- Default test -->
